08:03:54 **** Incremental Build of configuration Nios II for project test_pwm ****
make all 
Info: Building ../test_pwm_bsp/
C:/intelFPGA_lite/18.1/nios2eds/bin/gnu/H-x86_64-mingw32/bin/make --no-print-directory -C ../test_pwm_bsp/
[BSP build complete]
[test_pwm build complete]
08:04:14 **** Build of configuration Nios II for project test_pwm ****
make all 
Info: Building ../test_pwm_bsp/
C:/intelFPGA_lite/18.1/nios2eds/bin/gnu/H-x86_64-mingw32/bin/make --no-print-directory -C ../test_pwm_bsp/
[BSP build complete]
[test_pwm build complete]
08:04:56 **** Incremental Build of configuration Nios II for project test_pwm ****
make all 
Info: Building ../test_pwm_bsp/
C:/intelFPGA_lite/18.1/nios2eds/bin/gnu/H-x86_64-mingw32/bin/make --no-print-directory -C ../test_pwm_bsp/
[BSP build complete]
Info: Compiling hello_world_small.c to obj/default/hello_world_small.o
nios2-elf-gcc -xc -MP -MMD -c -I../test_pwm_bsp//HAL/inc -I../test_pwm_bsp/ -I../test_pwm_bsp//drivers/inc  -pipe -D__hal__ -DALT_NO_C_PLUS_PLUS -DALT_NO_CLEAN_EXIT -D'exit(a)=_exit(a)' -DALT_NO_EXIT -DALT_USE_DIRECT_DRIVERS -DALT_NO_INSTRUCTION_EMULATION -DALT_USE_SMALL_DRIVERS -DSMALL_C_LIB -DALT_SINGLE_THREADED    -Os -g -Wall   -mno-hw-div -mno-hw-mul -mno-hw-mulx -mgpopt=global  -o obj/default/hello_world_small.o hello_world_small.c
Info: Linking test_pwm.elf
nios2-elf-g++  -T'../test_pwm_bsp//linker.x' -msys-crt0='../test_pwm_bsp//obj/HAL/src/crt0.o' -msys-lib=hal_bsp -L../test_pwm_bsp/  -msmallc  -Wl,-Map=test_pwm.map   -Os -g -Wall   -mno-hw-div -mno-hw-mul -mno-hw-mulx -mgpopt=global  -o test_pwm.elf obj/default/hello_world_small.o -lm -msys-lib=m
nios2-elf-insert test_pwm.elf --thread_model hal --cpu_name nios2_gen2_0 --qsys true --simulation_enabled false --id 0 --sidp 0x11030 --timestamp 1634289446 --stderr_dev jtag_uart_0 --stdin_dev jtag_uart_0 --stdout_dev jtag_uart_0 --sopc_system_name mon_pwm --quartus_project_dir "C:/Users/JUANB/OneDrive/Documents/QUARTUS_UPS/avalon_pwm" --jdi ../..//output_files/avalon_pwm.jdi --sopcinfo C:/Users/JUANB/OneDrive/Documents/QUARTUS_UPS/avalon_pwm/software/test_pwm_bsp/../../mon_pwm.sopcinfo
Info: (test_pwm.elf) 1312 Bytes program size (code + initialized data).
Info:                18 KBytes free for stack + heap.
Info: Creating test_pwm.objdump
nios2-elf-objdump --disassemble --syms --all-header --source test_pwm.elf >test_pwm.objdump
[test_pwm build complete]
08:06:36 **** Build of configuration Nios II for project test_pwm ****
make all 
Info: Building ../test_pwm_bsp/
C:/intelFPGA_lite/18.1/nios2eds/bin/gnu/H-x86_64-mingw32/bin/make --no-print-directory -C ../test_pwm_bsp/
[BSP build complete]
[test_pwm build complete]
08:06:39 **** Incremental Build of configuration Nios II for project test_pwm ****
make all 
Info: Building ../test_pwm_bsp/
C:/intelFPGA_lite/18.1/nios2eds/bin/gnu/H-x86_64-mingw32/bin/make --no-print-directory -C ../test_pwm_bsp/
[BSP build complete]
[test_pwm build complete]
08:07:10 **** Build of configuration Nios II for project test_pwm ****
make all 
Info: Building ../test_pwm_bsp/
C:/intelFPGA_lite/18.1/nios2eds/bin/gnu/H-x86_64-mingw32/bin/make --no-print-directory -C ../test_pwm_bsp/
[BSP build complete]
[test_pwm build complete]
08:07:14 **** Incremental Build of configuration Nios II for project test_pwm ****
make all 
Info: Building ../test_pwm_bsp/
C:/intelFPGA_lite/18.1/nios2eds/bin/gnu/H-x86_64-mingw32/bin/make --no-print-directory -C ../test_pwm_bsp/
[BSP build complete]
Info: Compiling hello_world_small.c to obj/default/hello_world_small.o
nios2-elf-gcc -xc -MP -MMD -c -I../test_pwm_bsp//HAL/inc -I../test_pwm_bsp/ -I../test_pwm_bsp//drivers/inc  -pipe -D__hal__ -DALT_NO_C_PLUS_PLUS -DALT_NO_CLEAN_EXIT -D'exit(a)=_exit(a)' -DALT_NO_EXIT -DALT_USE_DIRECT_DRIVERS -DALT_NO_INSTRUCTION_EMULATION -DALT_USE_SMALL_DRIVERS -DSMALL_C_LIB -DALT_SINGLE_THREADED    -Os -g -Wall   -mno-hw-div -mno-hw-mul -mno-hw-mulx -mgpopt=global  -o obj/default/hello_world_small.o hello_world_small.c
Info: Linking test_pwm.elf
nios2-elf-g++  -T'../test_pwm_bsp//linker.x' -msys-crt0='../test_pwm_bsp//obj/HAL/src/crt0.o' -msys-lib=hal_bsp -L../test_pwm_bsp/  -msmallc  -Wl,-Map=test_pwm.map   -Os -g -Wall   -mno-hw-div -mno-hw-mul -mno-hw-mulx -mgpopt=global  -o test_pwm.elf obj/default/hello_world_small.o -lm -msys-lib=m
nios2-elf-insert test_pwm.elf --thread_model hal --cpu_name nios2_gen2_0 --qsys true --simulation_enabled false --id 0 --sidp 0x11030 --timestamp 1634289446 --stderr_dev jtag_uart_0 --stdin_dev jtag_uart_0 --stdout_dev jtag_uart_0 --sopc_system_name mon_pwm --quartus_project_dir "C:/Users/JUANB/OneDrive/Documents/QUARTUS_UPS/avalon_pwm" --jdi ../..//output_files/avalon_pwm.jdi --sopcinfo C:/Users/JUANB/OneDrive/Documents/QUARTUS_UPS/avalon_pwm/software/test_pwm_bsp/../../mon_pwm.sopcinfo
Info: (test_pwm.elf) 1312 Bytes program size (code + initialized data).
Info:                18 KBytes free for stack + heap.
Info: Creating test_pwm.objdump
nios2-elf-objdump --disassemble --syms --all-header --source test_pwm.elf >test_pwm.objdump
[test_pwm build complete]
08:44:27 **** Build of configuration Nios II for project test_pwm ****
make all 
Info: Building ../test_pwm_bsp/
C:/intelFPGA_lite/18.1/nios2eds/bin/gnu/H-x86_64-mingw32/bin/make --no-print-directory -C ../test_pwm_bsp/
[BSP build complete]
[test_pwm build complete]
08:44:31 **** Incremental Build of configuration Nios II for project test_pwm ****
make all 
Info: Building ../test_pwm_bsp/
C:/intelFPGA_lite/18.1/nios2eds/bin/gnu/H-x86_64-mingw32/bin/make --no-print-directory -C ../test_pwm_bsp/
[BSP build complete]
Info: Compiling hello_world_small.c to obj/default/hello_world_small.o
nios2-elf-gcc -xc -MP -MMD -c -I../test_pwm_bsp//HAL/inc -I../test_pwm_bsp/ -I../test_pwm_bsp//drivers/inc  -pipe -D__hal__ -DALT_NO_C_PLUS_PLUS -DALT_NO_CLEAN_EXIT -D'exit(a)=_exit(a)' -DALT_NO_EXIT -DALT_USE_DIRECT_DRIVERS -DALT_NO_INSTRUCTION_EMULATION -DALT_USE_SMALL_DRIVERS -DSMALL_C_LIB -DALT_SINGLE_THREADED    -Os -g -Wall   -mno-hw-div -mno-hw-mul -mno-hw-mulx -mgpopt=global  -o obj/default/hello_world_small.o hello_world_small.c
hello_world_small.c: In function 'main':
hello_world_small.c:85:32: error: 'AVALON_PWM_0_BASE' undeclared (first use in this function)
 #define duty (unsigned int *) (AVALON_PWM_0_BASE + 4)
                                ^
hello_world_small.c:92:4: note: in expansion of macro 'duty'
   *duty = 0x0200; // RC = 50%
    ^
hello_world_small.c:85:32: note: each undeclared identifier is reported only once for each function it appears in
 #define duty (unsigned int *) (AVALON_PWM_0_BASE + 4)
                                ^
hello_world_small.c:92:4: note: in expansion of macro 'duty'
   *duty = 0x0200; // RC = 50%
    ^
make: *** [obj/default/hello_world_small.o] Error 1
08:45:00 **** Build of configuration Nios II for project test_pwm ****
make all 
Info: Building ../test_pwm_bsp/
C:/intelFPGA_lite/18.1/nios2eds/bin/gnu/H-x86_64-mingw32/bin/make --no-print-directory -C ../test_pwm_bsp/
[BSP build complete]
Info: Compiling hello_world_small.c to obj/default/hello_world_small.o
nios2-elf-gcc -xc -MP -MMD -c -I../test_pwm_bsp//HAL/inc -I../test_pwm_bsp/ -I../test_pwm_bsp//drivers/inc  -pipe -D__hal__ -DALT_NO_C_PLUS_PLUS -DALT_NO_CLEAN_EXIT -D'exit(a)=_exit(a)' -DALT_NO_EXIT -DALT_USE_DIRECT_DRIVERS -DALT_NO_INSTRUCTION_EMULATION -DALT_USE_SMALL_DRIVERS -DSMALL_C_LIB -DALT_SINGLE_THREADED    -Os -g -Wall   -mno-hw-div -mno-hw-mul -mno-hw-mulx -mgpopt=global  -o obj/default/hello_world_small.o hello_world_small.c
hello_world_small.c: In function 'main':
hello_world_small.c:85:32: error: 'AVALON_PWM_0_BASE' undeclared (first use in this function)
 #define duty (unsigned int *) (AVALON_PWM_0_BASE + 4)
                                ^
hello_world_small.c:92:4: note: in expansion of macro 'duty'
   *duty = 0x0200; // RC = 50%
    ^
hello_world_small.c:85:32: note: each undeclared identifier is reported only once for each function it appears in
 #define duty (unsigned int *) (AVALON_PWM_0_BASE + 4)
                                ^
hello_world_small.c:92:4: note: in expansion of macro 'duty'
   *duty = 0x0200; // RC = 50%
    ^
make: *** [obj/default/hello_world_small.o] Error 1
08:45:03 **** Incremental Build of configuration Nios II for project test_pwm ****
make all 
Info: Building ../test_pwm_bsp/
C:/intelFPGA_lite/18.1/nios2eds/bin/gnu/H-x86_64-mingw32/bin/make --no-print-directory -C ../test_pwm_bsp/
[BSP build complete]
Info: Compiling hello_world_small.c to obj/default/hello_world_small.o
nios2-elf-gcc -xc -MP -MMD -c -I../test_pwm_bsp//HAL/inc -I../test_pwm_bsp/ -I../test_pwm_bsp//drivers/inc  -pipe -D__hal__ -DALT_NO_C_PLUS_PLUS -DALT_NO_CLEAN_EXIT -D'exit(a)=_exit(a)' -DALT_NO_EXIT -DALT_USE_DIRECT_DRIVERS -DALT_NO_INSTRUCTION_EMULATION -DALT_USE_SMALL_DRIVERS -DSMALL_C_LIB -DALT_SINGLE_THREADED    -Os -g -Wall   -mno-hw-div -mno-hw-mul -mno-hw-mulx -mgpopt=global  -o obj/default/hello_world_small.o hello_world_small.c
Info: Linking test_pwm.elf
nios2-elf-g++  -T'../test_pwm_bsp//linker.x' -msys-crt0='../test_pwm_bsp//obj/HAL/src/crt0.o' -msys-lib=hal_bsp -L../test_pwm_bsp/  -msmallc  -Wl,-Map=test_pwm.map   -Os -g -Wall   -mno-hw-div -mno-hw-mul -mno-hw-mulx -mgpopt=global  -o test_pwm.elf obj/default/hello_world_small.o -lm -msys-lib=m
nios2-elf-insert test_pwm.elf --thread_model hal --cpu_name nios2_gen2_0 --qsys true --simulation_enabled false --id 0 --sidp 0x11030 --timestamp 1634289446 --stderr_dev jtag_uart_0 --stdin_dev jtag_uart_0 --stdout_dev jtag_uart_0 --sopc_system_name mon_pwm --quartus_project_dir "C:/Users/JUANB/OneDrive/Documents/QUARTUS_UPS/avalon_pwm" --jdi ../..//output_files/avalon_pwm.jdi --sopcinfo C:/Users/JUANB/OneDrive/Documents/QUARTUS_UPS/avalon_pwm/software/test_pwm_bsp/../../mon_pwm.sopcinfo
Info: (test_pwm.elf) 1372 Bytes program size (code + initialized data).
Info:                17 KBytes free for stack + heap.
Info: Creating test_pwm.objdump
nios2-elf-objdump --disassemble --syms --all-header --source test_pwm.elf >test_pwm.objdump
[test_pwm build complete]
08:55:10 **** Build of configuration Nios II for project test_pwm ****
make all 
Info: Building ../test_pwm_bsp/
C:/intelFPGA_lite/18.1/nios2eds/bin/gnu/H-x86_64-mingw32/bin/make --no-print-directory -C ../test_pwm_bsp/
[BSP build complete]
[test_pwm build complete]
08:55:43 **** Incremental Build of configuration Nios II for project test_pwm ****
make all 
Info: Building ../test_pwm_bsp/
C:/intelFPGA_lite/18.1/nios2eds/bin/gnu/H-x86_64-mingw32/bin/make --no-print-directory -C ../test_pwm_bsp/
[BSP build complete]
Info: Compiling hello_world_small.c to obj/default/hello_world_small.o
nios2-elf-gcc -xc -MP -MMD -c -I../test_pwm_bsp//HAL/inc -I../test_pwm_bsp/ -I../test_pwm_bsp//drivers/inc  -pipe -D__hal__ -DALT_NO_C_PLUS_PLUS -DALT_NO_CLEAN_EXIT -D'exit(a)=_exit(a)' -DALT_NO_EXIT -DALT_USE_DIRECT_DRIVERS -DALT_NO_INSTRUCTION_EMULATION -DALT_USE_SMALL_DRIVERS -DSMALL_C_LIB -DALT_SINGLE_THREADED    -Os -g -Wall   -mno-hw-div -mno-hw-mul -mno-hw-mulx -mgpopt=global  -o obj/default/hello_world_small.o hello_world_small.c
Info: Linking test_pwm.elf
nios2-elf-g++  -T'../test_pwm_bsp//linker.x' -msys-crt0='../test_pwm_bsp//obj/HAL/src/crt0.o' -msys-lib=hal_bsp -L../test_pwm_bsp/  -msmallc  -Wl,-Map=test_pwm.map   -Os -g -Wall   -mno-hw-div -mno-hw-mul -mno-hw-mulx -mgpopt=global  -o test_pwm.elf obj/default/hello_world_small.o -lm -msys-lib=m
nios2-elf-insert test_pwm.elf --thread_model hal --cpu_name nios2_gen2_0 --qsys true --simulation_enabled false --id 0 --sidp 0x11030 --timestamp 1634289446 --stderr_dev jtag_uart_0 --stdin_dev jtag_uart_0 --stdout_dev jtag_uart_0 --sopc_system_name mon_pwm --quartus_project_dir "C:/Users/JUANB/OneDrive/Documents/QUARTUS_UPS/avalon_pwm" --jdi ../..//output_files/avalon_pwm.jdi --sopcinfo C:/Users/JUANB/OneDrive/Documents/QUARTUS_UPS/avalon_pwm/software/test_pwm_bsp/../../mon_pwm.sopcinfo
Info: (test_pwm.elf) 1372 Bytes program size (code + initialized data).
Info:                17 KBytes free for stack + heap.
Info: Creating test_pwm.objdump
nios2-elf-objdump --disassemble --syms --all-header --source test_pwm.elf >test_pwm.objdump
[test_pwm build complete]
