Flow report for PROJET_AFFICHEUR
Thu Sep 09 11:53:02 2021
Quartus II Version 9.1 Build 350 03/24/2010 Service Pack 2 SJ Web Edition


---------------------
; Table of Contents ;
---------------------
  1. Legal Notice
  2. Flow Summary
  3. Flow Settings
  4. Flow Non-Default Global Settings
  5. Flow Elapsed Time
  6. Flow OS Summary
  7. Flow Log



----------------
; Legal Notice ;
----------------
Copyright (C) 1991-2010 Altera Corporation
Your use of Altera Corporation's design tools, logic functions 
and other software and tools, and its AMPP partner logic 
functions, and any output files from any of the foregoing 
(including device programming or simulation files), and any 
associated documentation or information are expressly subject 
to the terms and conditions of the Altera Program License 
Subscription Agreement, Altera MegaCore Function License 
Agreement, or other applicable license agreement, including, 
without limitation, that your use is for the sole purpose of 
programming logic devices manufactured by Altera and sold by 
Altera or its authorized distributors.  Please refer to the 
applicable agreement for further details.



+-----------------------------------------------------------------------------------+
; Flow Summary                                                                      ;
+------------------------------------+----------------------------------------------+
; Flow Status                        ; Successful - Thu Sep 09 11:53:02 2021        ;
; Quartus II Version                 ; 9.1 Build 350 03/24/2010 SP 2 SJ Web Edition ;
; Revision Name                      ; PROJET_AFFICHEUR                             ;
; Top-level Entity Name              ; PROJET_AFFICHEUR_afficher_counter            ;
; Family                             ; Cyclone II                                   ;
; Device                             ; EP2C35F672C6                                 ;
; Timing Models                      ; Final                                        ;
; Met timing requirements            ; Yes                                          ;
; Total logic elements               ; 16 / 33,216 ( < 1 % )                        ;
;     Total combinational functions  ; 16 / 33,216 ( < 1 % )                        ;
;     Dedicated logic registers      ; 4 / 33,216 ( < 1 % )                         ;
; Total registers                    ; 4                                            ;
; Total pins                         ; 10 / 475 ( 2 % )                             ;
; Total virtual pins                 ; 0                                            ;
; Total memory bits                  ; 0 / 483,840 ( 0 % )                          ;
; Embedded Multiplier 9-bit elements ; 0 / 70 ( 0 % )                               ;
; Total PLLs                         ; 0 / 4 ( 0 % )                                ;
+------------------------------------+----------------------------------------------+


+-----------------------------------------+
; Flow Settings                           ;
+-------------------+---------------------+
; Option            ; Setting             ;
+-------------------+---------------------+
; Start date & time ; 09/09/2021 11:52:40 ;
; Main task         ; Compilation         ;
; Revision Name     ; PROJET_AFFICHEUR    ;
+-------------------+---------------------+


+-----------------------------------------------------------------------------------------------------------------------------------------------------------------------------------------------------------------------+
; Flow Non-Default Global Settings                                                                                                                                                                                      ;
+------------------------------------+----------------------------------------------------------------------------------------------------------+------------------+-----------------------------------+----------------+
; Assignment Name                    ; Value                                                                                                    ; Default Value    ; Entity Name                       ; Section Id     ;
+------------------------------------+----------------------------------------------------------------------------------------------------------+------------------+-----------------------------------+----------------+
; COMPILER_SIGNATURE_ID              ; 220283512409239.163118116000432                                                                          ; --               ; --                                ; --             ;
; MAX_CORE_JUNCTION_TEMP             ; 85                                                                                                       ; --               ; --                                ; --             ;
; MIN_CORE_JUNCTION_TEMP             ; 0                                                                                                        ; --               ; --                                ; --             ;
; MISC_FILE                          ; C:/Users/Etudiant/Documents/vhdl_eea_BEROY_CHIRINO/TP_VHDL_QUARTUS/PROJET_AFFICHEUR/PROJET_AFFICHEUR.dpf ; --               ; --                                ; --             ;
; PARTITION_COLOR                    ; 16764057                                                                                                 ; --               ; PROJET_AFFICHEUR_afficher_counter ; Top            ;
; PARTITION_NETLIST_TYPE             ; SOURCE                                                                                                   ; --               ; PROJET_AFFICHEUR_afficher_counter ; Top            ;
; TOP_LEVEL_ENTITY                   ; PROJET_AFFICHEUR_afficher_counter                                                                        ; PROJET_AFFICHEUR ; --                                ; --             ;
; USE_GENERATED_PHYSICAL_CONSTRAINTS ; Off                                                                                                      ; --               ; --                                ; eda_blast_fpga ;
+------------------------------------+----------------------------------------------------------------------------------------------------------+------------------+-----------------------------------+----------------+


+-----------------------------------------------------------------------------------------------------------------------------+
; Flow Elapsed Time                                                                                                           ;
+-------------------------+--------------+-------------------------+---------------------+------------------------------------+
; Module Name             ; Elapsed Time ; Average Processors Used ; Peak Virtual Memory ; Total CPU Time (on all processors) ;
+-------------------------+--------------+-------------------------+---------------------+------------------------------------+
; Analysis & Synthesis    ; 00:00:04     ; 1.0                     ; 240 MB              ; 00:00:03                           ;
; Fitter                  ; 00:00:07     ; 1.0                     ; 279 MB              ; 00:00:05                           ;
; Assembler               ; 00:00:03     ; 1.0                     ; 253 MB              ; 00:00:02                           ;
; Classic Timing Analyzer ; 00:00:00     ; 1.0                     ; 158 MB              ; 00:00:00                           ;
; Total                   ; 00:00:14     ; --                      ; --                  ; 00:00:10                           ;
+-------------------------+--------------+-------------------------+---------------------+------------------------------------+


+------------------------------------------------------------------------------------------+
; Flow OS Summary                                                                          ;
+-------------------------+------------------+---------------+------------+----------------+
; Module Name             ; Machine Hostname ; OS Name       ; OS Version ; Processor type ;
+-------------------------+------------------+---------------+------------+----------------+
; Analysis & Synthesis    ; DESKTOP-CCT65GH  ; Windows Vista ; 6.2        ; x86_64         ;
; Fitter                  ; DESKTOP-CCT65GH  ; Windows Vista ; 6.2        ; x86_64         ;
; Assembler               ; DESKTOP-CCT65GH  ; Windows Vista ; 6.2        ; x86_64         ;
; Classic Timing Analyzer ; DESKTOP-CCT65GH  ; Windows Vista ; 6.2        ; x86_64         ;
+-------------------------+------------------+---------------+------------+----------------+


------------
; Flow Log ;
------------
quartus_map --read_settings_files=on --write_settings_files=off PROJET_AFFICHEUR -c PROJET_AFFICHEUR
quartus_fit --read_settings_files=off --write_settings_files=off PROJET_AFFICHEUR -c PROJET_AFFICHEUR
quartus_asm --read_settings_files=off --write_settings_files=off PROJET_AFFICHEUR -c PROJET_AFFICHEUR
quartus_tan --read_settings_files=off --write_settings_files=off PROJET_AFFICHEUR -c PROJET_AFFICHEUR --timing_analysis_only



